

  ALL
    √ Graph exist 
    √ Node exist 
    √ Link exist 
    √ Group exist 
    √ Nodes all have essential property 
    √ Links all have essential property 

  JSTEST
    Js files exist
      √ Js files exist: website/jstest/array.js (248ms)
      √ Js files exist: website/jstest/class.js (220ms)
      √ Js files exist: website/jstest/function.js (228ms)
      √ Js files exist: website/jstest/object.js (220ms)
      √ Js files exist: website/jstest/function.js (224ms)
    array.js element
      √ Array exist: website/jstest/array.js::arrayA 
      √ Array exist: website/jstest/array.js::arrayB (212ms)
      √ Array exist: website/jstest/array.js::arrayC (92ms)
      √ Array exist: website/jstest/array.js::arrayD 
      √ Array exist: website/jstest/array.js::arrayE (108ms)
    function.js element
      √ Function exist: website/jstest/function.js::funcA() (152ms)
      √ Function exist: website/jstest/function.js::funcB() (124ms)
      √ Function exist: website/jstest/function.js::funcC() (88ms)
      √ Function exist: website/jstest/function.js::funcD() (128ms)
      1) Function exist: website/jstest/function.js::funcD()::funcE()
    variables.js element
      √ Variable exist: website/jstest/variables.js::stringA 
      √ Variable exist: website/jstest/variables.js::stringB (144ms)
      √ Variable exist: website/jstest/variables.js::stringC (144ms)
    object.js element
      √ Object exist: website/jstest/object.js::objectA (92ms)
      √ Object exist: website/jstest/object.js::objectB (112ms)
      √ Object exist: website/jstest/object.js::objectC (160ms)
      √ Object exist: website/jstest/object.js::objectD (184ms)
      √ Object exist: website/jstest/object.js::objectE (72ms)
      √ Object exist: website/jstest/object.js::objectF (104ms)
      √ Object exist: website/jstest/object.js::objectG 
      √ Object exist: website/jstest/object.js::objectH (176ms)
      √ Object exist: website/jstest/object.js::person 
      2) Object exist: website/jstest/object.js::objectC::methodA()
      3) Object exist: website/jstest/object.js::objectB::methodB()
      4) Object exist: website/jstest/object.js::objectD::methodC()
      5) Object exist: website/jstest/object.js::person::getName()
    class.js element
      √ Function exist: website/jstest/class.js::Apple() (48ms)
      √ Function exist: website/jstest/class.js::getAppleInfo() (64ms)
      √ Function exist: website/jstest/class.js::Apple2() (56ms)
      √ Function exist: website/jstest/class.js::Apple3() (60ms)
      6) Function exist: website/jstest/class.js::Apple4
      7) Function exist: website/jstest/class.js::Apple5()


  36 passing (5s)
  7 failing

  1) JSTEST function.js element Function exist: website/jstest/function.js::funcD()::funcE():
     AssertionError: expected an element of [ Array(51) ] to have a property 'name' of 'website/jstest/function.js::funcD()::funcE()', but got 'website/jstest/function.js'
      at Context.<anonymous> (D:\MAITRISE\archvis\test\test.js:138:80)
      at callFn (C:\Users\jo\AppData\Roaming\npm\node_modules\mocha\lib\runnable.js:251:21)
      at Test.Runnable.run (C:\Users\jo\AppData\Roaming\npm\node_modules\mocha\lib\runnable.js:244:7)
      at Runner.runTest (C:\Users\jo\AppData\Roaming\npm\node_modules\mocha\lib\runner.js:374:10)
      at C:\Users\jo\AppData\Roaming\npm\node_modules\mocha\lib\runner.js:452:12
      at next (C:\Users\jo\AppData\Roaming\npm\node_modules\mocha\lib\runner.js:299:14)
      at C:\Users\jo\AppData\Roaming\npm\node_modules\mocha\lib\runner.js:309:7
      at next (C:\Users\jo\AppData\Roaming\npm\node_modules\mocha\lib\runner.js:248:23)
      at Object._onImmediate (C:\Users\jo\AppData\Roaming\npm\node_modules\mocha\lib\runner.js:276:5)
      at processImmediate [as _immediateCallback] (timers.js:354:15)

  2) JSTEST object.js element Object exist: website/jstest/object.js::objectC::methodA():
     AssertionError: expected an element of [ Array(51) ] to have a property 'name' of 'website/jstest/object.js::objectC::methodA()', but got 'website/jstest/function.js'
      at Context.<anonymous> (D:\MAITRISE\archvis\test\test.js:138:80)
      at callFn (C:\Users\jo\AppData\Roaming\npm\node_modules\mocha\lib\runnable.js:251:21)
      at Test.Runnable.run (C:\Users\jo\AppData\Roaming\npm\node_modules\mocha\lib\runnable.js:244:7)
      at Runner.runTest (C:\Users\jo\AppData\Roaming\npm\node_modules\mocha\lib\runner.js:374:10)
      at C:\Users\jo\AppData\Roaming\npm\node_modules\mocha\lib\runner.js:452:12
      at next (C:\Users\jo\AppData\Roaming\npm\node_modules\mocha\lib\runner.js:299:14)
      at C:\Users\jo\AppData\Roaming\npm\node_modules\mocha\lib\runner.js:309:7
      at next (C:\Users\jo\AppData\Roaming\npm\node_modules\mocha\lib\runner.js:248:23)
      at Object._onImmediate (C:\Users\jo\AppData\Roaming\npm\node_modules\mocha\lib\runner.js:276:5)
      at processImmediate [as _immediateCallback] (timers.js:354:15)

  3) JSTEST object.js element Object exist: website/jstest/object.js::objectB::methodB():
     AssertionError: expected an element of [ Array(51) ] to have a property 'name' of 'website/jstest/object.js::objectB::methodB()', but got 'website/jstest/function.js'
      at Context.<anonymous> (D:\MAITRISE\archvis\test\test.js:138:80)
      at callFn (C:\Users\jo\AppData\Roaming\npm\node_modules\mocha\lib\runnable.js:251:21)
      at Test.Runnable.run (C:\Users\jo\AppData\Roaming\npm\node_modules\mocha\lib\runnable.js:244:7)
      at Runner.runTest (C:\Users\jo\AppData\Roaming\npm\node_modules\mocha\lib\runner.js:374:10)
      at C:\Users\jo\AppData\Roaming\npm\node_modules\mocha\lib\runner.js:452:12
      at next (C:\Users\jo\AppData\Roaming\npm\node_modules\mocha\lib\runner.js:299:14)
      at C:\Users\jo\AppData\Roaming\npm\node_modules\mocha\lib\runner.js:309:7
      at next (C:\Users\jo\AppData\Roaming\npm\node_modules\mocha\lib\runner.js:248:23)
      at Object._onImmediate (C:\Users\jo\AppData\Roaming\npm\node_modules\mocha\lib\runner.js:276:5)
      at processImmediate [as _immediateCallback] (timers.js:354:15)

  4) JSTEST object.js element Object exist: website/jstest/object.js::objectD::methodC():
     AssertionError: expected an element of [ Array(51) ] to have a property 'name' of 'website/jstest/object.js::objectD::methodC()', but got 'website/jstest/function.js'
      at Context.<anonymous> (D:\MAITRISE\archvis\test\test.js:138:80)
      at callFn (C:\Users\jo\AppData\Roaming\npm\node_modules\mocha\lib\runnable.js:251:21)
      at Test.Runnable.run (C:\Users\jo\AppData\Roaming\npm\node_modules\mocha\lib\runnable.js:244:7)
      at Runner.runTest (C:\Users\jo\AppData\Roaming\npm\node_modules\mocha\lib\runner.js:374:10)
      at C:\Users\jo\AppData\Roaming\npm\node_modules\mocha\lib\runner.js:452:12
      at next (C:\Users\jo\AppData\Roaming\npm\node_modules\mocha\lib\runner.js:299:14)
      at C:\Users\jo\AppData\Roaming\npm\node_modules\mocha\lib\runner.js:309:7
      at next (C:\Users\jo\AppData\Roaming\npm\node_modules\mocha\lib\runner.js:248:23)
      at Object._onImmediate (C:\Users\jo\AppData\Roaming\npm\node_modules\mocha\lib\runner.js:276:5)
      at processImmediate [as _immediateCallback] (timers.js:354:15)

  5) JSTEST object.js element Object exist: website/jstest/object.js::person::getName():
     AssertionError: expected an element of [ Array(51) ] to have a property 'name' of 'website/jstest/object.js::person::getName()', but got 'website/jstest/function.js'
      at Context.<anonymous> (D:\MAITRISE\archvis\test\test.js:138:80)
      at callFn (C:\Users\jo\AppData\Roaming\npm\node_modules\mocha\lib\runnable.js:251:21)
      at Test.Runnable.run (C:\Users\jo\AppData\Roaming\npm\node_modules\mocha\lib\runnable.js:244:7)
      at Runner.runTest (C:\Users\jo\AppData\Roaming\npm\node_modules\mocha\lib\runner.js:374:10)
      at C:\Users\jo\AppData\Roaming\npm\node_modules\mocha\lib\runner.js:452:12
      at next (C:\Users\jo\AppData\Roaming\npm\node_modules\mocha\lib\runner.js:299:14)
      at C:\Users\jo\AppData\Roaming\npm\node_modules\mocha\lib\runner.js:309:7
      at next (C:\Users\jo\AppData\Roaming\npm\node_modules\mocha\lib\runner.js:248:23)
      at Object._onImmediate (C:\Users\jo\AppData\Roaming\npm\node_modules\mocha\lib\runner.js:276:5)
      at processImmediate [as _immediateCallback] (timers.js:354:15)

  6) JSTEST class.js element Function exist: website/jstest/class.js::Apple4:
     AssertionError: expected an element of [ Array(51) ] to have a property 'name' of 'website/jstest/class.js::Apple4', but got 'website/jstest/function.js'
      at Context.<anonymous> (D:\MAITRISE\archvis\test\test.js:138:80)
      at callFn (C:\Users\jo\AppData\Roaming\npm\node_modules\mocha\lib\runnable.js:251:21)
      at Test.Runnable.run (C:\Users\jo\AppData\Roaming\npm\node_modules\mocha\lib\runnable.js:244:7)
      at Runner.runTest (C:\Users\jo\AppData\Roaming\npm\node_modules\mocha\lib\runner.js:374:10)
      at C:\Users\jo\AppData\Roaming\npm\node_modules\mocha\lib\runner.js:452:12
      at next (C:\Users\jo\AppData\Roaming\npm\node_modules\mocha\lib\runner.js:299:14)
      at C:\Users\jo\AppData\Roaming\npm\node_modules\mocha\lib\runner.js:309:7
      at next (C:\Users\jo\AppData\Roaming\npm\node_modules\mocha\lib\runner.js:248:23)
      at Object._onImmediate (C:\Users\jo\AppData\Roaming\npm\node_modules\mocha\lib\runner.js:276:5)
      at processImmediate [as _immediateCallback] (timers.js:354:15)

  7) JSTEST class.js element Function exist: website/jstest/class.js::Apple5():
     AssertionError: expected an element of [ Array(51) ] to have a property 'name' of 'website/jstest/class.js::Apple5()', but got 'website/jstest/function.js'
      at Context.<anonymous> (D:\MAITRISE\archvis\test\test.js:138:80)
      at callFn (C:\Users\jo\AppData\Roaming\npm\node_modules\mocha\lib\runnable.js:251:21)
      at Test.Runnable.run (C:\Users\jo\AppData\Roaming\npm\node_modules\mocha\lib\runnable.js:244:7)
      at Runner.runTest (C:\Users\jo\AppData\Roaming\npm\node_modules\mocha\lib\runner.js:374:10)
      at C:\Users\jo\AppData\Roaming\npm\node_modules\mocha\lib\runner.js:452:12
      at next (C:\Users\jo\AppData\Roaming\npm\node_modules\mocha\lib\runner.js:299:14)
      at C:\Users\jo\AppData\Roaming\npm\node_modules\mocha\lib\runner.js:309:7
      at next (C:\Users\jo\AppData\Roaming\npm\node_modules\mocha\lib\runner.js:248:23)
      at Object._onImmediate (C:\Users\jo\AppData\Roaming\npm\node_modules\mocha\lib\runner.js:276:5)
      at processImmediate [as _immediateCallback] (timers.js:354:15)



