

  ALL
    √ Graph exist 
    √ Node exist 
    √ Link exist 
    √ Group exist 
    √ Nodes all have essential property 
    √ Links all have essential property 

  JSTEST
    √ Js files exist (672ms)
    √ array.js element (312ms)
    1) function.js element
    √ variables.js element (156ms)
    object.js element
      2) Object exist: website/jstest/function.js::objectA
      3) Object exist: website/jstest/function.js::objectB
      4) Object exist: website/jstest/function.js::objectC
      5) Object exist: website/jstest/function.js::objectD
      6) Object exist: website/jstest/function.js::objectE
      7) Object exist: website/jstest/function.js::objectF
      8) Object exist: website/jstest/function.js::objectG
      9) Object exist: website/jstest/function.js::objectH
      10) Object exist: website/jstest/function.js::person
      11) Object exist: website/jstest/function.js::objectC::methodA()
      12) Object exist: website/jstest/function.js::objectB::methodB()
      13) Object exist: website/jstest/function.js::objectD::methodC()
      14) Object exist: website/jstest/function.js::person::getName()
    class.js element
      15) Function exist: website/jstest/class.js::Apple()
      16) Function exist: website/jstest/class.js::getAppleInfo()
      17) Function exist: website/jstest/class.js::Apple2()
      18) Function exist: website/jstest/class.js::Apple3()
      19) Function exist: website/jstest/class.js::Apple4
      20) Function exist: website/jstest/class.js::Apple5()


  9 passing (4s)
  20 failing

  1) JSTEST function.js element:
     AssertionError: expected an element of [ Array(49) ] to have a property 'name' of 'website/jstest/function.js::funcA()', but got 'website/jstest/variables.js'
      at Context.<anonymous> (D:\MAITRISE\archvis\test\test.js:89:42)
      at callFn (C:\Users\jo\AppData\Roaming\npm\node_modules\mocha\lib\runnable.js:251:21)
      at Test.Runnable.run (C:\Users\jo\AppData\Roaming\npm\node_modules\mocha\lib\runnable.js:244:7)
      at Runner.runTest (C:\Users\jo\AppData\Roaming\npm\node_modules\mocha\lib\runner.js:374:10)
      at C:\Users\jo\AppData\Roaming\npm\node_modules\mocha\lib\runner.js:452:12
      at next (C:\Users\jo\AppData\Roaming\npm\node_modules\mocha\lib\runner.js:299:14)
      at C:\Users\jo\AppData\Roaming\npm\node_modules\mocha\lib\runner.js:309:7
      at next (C:\Users\jo\AppData\Roaming\npm\node_modules\mocha\lib\runner.js:248:23)
      at Object._onImmediate (C:\Users\jo\AppData\Roaming\npm\node_modules\mocha\lib\runner.js:276:5)
      at processImmediate [as _immediateCallback] (timers.js:354:15)

  2) JSTEST object.js element Object exist: website/jstest/function.js::objectA:
     AssertionError: expected an element of [ Array(49) ] to have a property 'name' of 'website/jstest/function.js::objectA', but got 'website/jstest/variables.js'
      at Context.<anonymous> (D:\MAITRISE\archvis\test\test.js:136:80)
      at callFn (C:\Users\jo\AppData\Roaming\npm\node_modules\mocha\lib\runnable.js:251:21)
      at Test.Runnable.run (C:\Users\jo\AppData\Roaming\npm\node_modules\mocha\lib\runnable.js:244:7)
      at Runner.runTest (C:\Users\jo\AppData\Roaming\npm\node_modules\mocha\lib\runner.js:374:10)
      at C:\Users\jo\AppData\Roaming\npm\node_modules\mocha\lib\runner.js:452:12
      at next (C:\Users\jo\AppData\Roaming\npm\node_modules\mocha\lib\runner.js:299:14)
      at C:\Users\jo\AppData\Roaming\npm\node_modules\mocha\lib\runner.js:309:7
      at next (C:\Users\jo\AppData\Roaming\npm\node_modules\mocha\lib\runner.js:248:23)
      at Object._onImmediate (C:\Users\jo\AppData\Roaming\npm\node_modules\mocha\lib\runner.js:276:5)
      at processImmediate [as _immediateCallback] (timers.js:354:15)

  3) JSTEST object.js element Object exist: website/jstest/function.js::objectB:
     AssertionError: expected an element of [ Array(49) ] to have a property 'name' of 'website/jstest/function.js::objectB', but got 'website/jstest/variables.js'
      at Context.<anonymous> (D:\MAITRISE\archvis\test\test.js:136:80)
      at callFn (C:\Users\jo\AppData\Roaming\npm\node_modules\mocha\lib\runnable.js:251:21)
      at Test.Runnable.run (C:\Users\jo\AppData\Roaming\npm\node_modules\mocha\lib\runnable.js:244:7)
      at Runner.runTest (C:\Users\jo\AppData\Roaming\npm\node_modules\mocha\lib\runner.js:374:10)
      at C:\Users\jo\AppData\Roaming\npm\node_modules\mocha\lib\runner.js:452:12
      at next (C:\Users\jo\AppData\Roaming\npm\node_modules\mocha\lib\runner.js:299:14)
      at C:\Users\jo\AppData\Roaming\npm\node_modules\mocha\lib\runner.js:309:7
      at next (C:\Users\jo\AppData\Roaming\npm\node_modules\mocha\lib\runner.js:248:23)
      at Object._onImmediate (C:\Users\jo\AppData\Roaming\npm\node_modules\mocha\lib\runner.js:276:5)
      at processImmediate [as _immediateCallback] (timers.js:354:15)

  4) JSTEST object.js element Object exist: website/jstest/function.js::objectC:
     AssertionError: expected an element of [ Array(49) ] to have a property 'name' of 'website/jstest/function.js::objectC', but got 'website/jstest/variables.js'
      at Context.<anonymous> (D:\MAITRISE\archvis\test\test.js:136:80)
      at callFn (C:\Users\jo\AppData\Roaming\npm\node_modules\mocha\lib\runnable.js:251:21)
      at Test.Runnable.run (C:\Users\jo\AppData\Roaming\npm\node_modules\mocha\lib\runnable.js:244:7)
      at Runner.runTest (C:\Users\jo\AppData\Roaming\npm\node_modules\mocha\lib\runner.js:374:10)
      at C:\Users\jo\AppData\Roaming\npm\node_modules\mocha\lib\runner.js:452:12
      at next (C:\Users\jo\AppData\Roaming\npm\node_modules\mocha\lib\runner.js:299:14)
      at C:\Users\jo\AppData\Roaming\npm\node_modules\mocha\lib\runner.js:309:7
      at next (C:\Users\jo\AppData\Roaming\npm\node_modules\mocha\lib\runner.js:248:23)
      at Object._onImmediate (C:\Users\jo\AppData\Roaming\npm\node_modules\mocha\lib\runner.js:276:5)
      at processImmediate [as _immediateCallback] (timers.js:354:15)

  5) JSTEST object.js element Object exist: website/jstest/function.js::objectD:
     AssertionError: expected an element of [ Array(49) ] to have a property 'name' of 'website/jstest/function.js::objectD', but got 'website/jstest/variables.js'
      at Context.<anonymous> (D:\MAITRISE\archvis\test\test.js:136:80)
      at callFn (C:\Users\jo\AppData\Roaming\npm\node_modules\mocha\lib\runnable.js:251:21)
      at Test.Runnable.run (C:\Users\jo\AppData\Roaming\npm\node_modules\mocha\lib\runnable.js:244:7)
      at Runner.runTest (C:\Users\jo\AppData\Roaming\npm\node_modules\mocha\lib\runner.js:374:10)
      at C:\Users\jo\AppData\Roaming\npm\node_modules\mocha\lib\runner.js:452:12
      at next (C:\Users\jo\AppData\Roaming\npm\node_modules\mocha\lib\runner.js:299:14)
      at C:\Users\jo\AppData\Roaming\npm\node_modules\mocha\lib\runner.js:309:7
      at next (C:\Users\jo\AppData\Roaming\npm\node_modules\mocha\lib\runner.js:248:23)
      at Object._onImmediate (C:\Users\jo\AppData\Roaming\npm\node_modules\mocha\lib\runner.js:276:5)
      at processImmediate [as _immediateCallback] (timers.js:354:15)

  6) JSTEST object.js element Object exist: website/jstest/function.js::objectE:
     AssertionError: expected an element of [ Array(49) ] to have a property 'name' of 'website/jstest/function.js::objectE', but got 'website/jstest/variables.js'
      at Context.<anonymous> (D:\MAITRISE\archvis\test\test.js:136:80)
      at callFn (C:\Users\jo\AppData\Roaming\npm\node_modules\mocha\lib\runnable.js:251:21)
      at Test.Runnable.run (C:\Users\jo\AppData\Roaming\npm\node_modules\mocha\lib\runnable.js:244:7)
      at Runner.runTest (C:\Users\jo\AppData\Roaming\npm\node_modules\mocha\lib\runner.js:374:10)
      at C:\Users\jo\AppData\Roaming\npm\node_modules\mocha\lib\runner.js:452:12
      at next (C:\Users\jo\AppData\Roaming\npm\node_modules\mocha\lib\runner.js:299:14)
      at C:\Users\jo\AppData\Roaming\npm\node_modules\mocha\lib\runner.js:309:7
      at next (C:\Users\jo\AppData\Roaming\npm\node_modules\mocha\lib\runner.js:248:23)
      at Object._onImmediate (C:\Users\jo\AppData\Roaming\npm\node_modules\mocha\lib\runner.js:276:5)
      at processImmediate [as _immediateCallback] (timers.js:354:15)

  7) JSTEST object.js element Object exist: website/jstest/function.js::objectF:
     AssertionError: expected an element of [ Array(49) ] to have a property 'name' of 'website/jstest/function.js::objectF', but got 'website/jstest/variables.js'
      at Context.<anonymous> (D:\MAITRISE\archvis\test\test.js:136:80)
      at callFn (C:\Users\jo\AppData\Roaming\npm\node_modules\mocha\lib\runnable.js:251:21)
      at Test.Runnable.run (C:\Users\jo\AppData\Roaming\npm\node_modules\mocha\lib\runnable.js:244:7)
      at Runner.runTest (C:\Users\jo\AppData\Roaming\npm\node_modules\mocha\lib\runner.js:374:10)
      at C:\Users\jo\AppData\Roaming\npm\node_modules\mocha\lib\runner.js:452:12
      at next (C:\Users\jo\AppData\Roaming\npm\node_modules\mocha\lib\runner.js:299:14)
      at C:\Users\jo\AppData\Roaming\npm\node_modules\mocha\lib\runner.js:309:7
      at next (C:\Users\jo\AppData\Roaming\npm\node_modules\mocha\lib\runner.js:248:23)
      at Object._onImmediate (C:\Users\jo\AppData\Roaming\npm\node_modules\mocha\lib\runner.js:276:5)
      at processImmediate [as _immediateCallback] (timers.js:354:15)

  8) JSTEST object.js element Object exist: website/jstest/function.js::objectG:
     AssertionError: expected an element of [ Array(49) ] to have a property 'name' of 'website/jstest/function.js::objectG', but got 'website/jstest/variables.js'
      at Context.<anonymous> (D:\MAITRISE\archvis\test\test.js:136:80)
      at callFn (C:\Users\jo\AppData\Roaming\npm\node_modules\mocha\lib\runnable.js:251:21)
      at Test.Runnable.run (C:\Users\jo\AppData\Roaming\npm\node_modules\mocha\lib\runnable.js:244:7)
      at Runner.runTest (C:\Users\jo\AppData\Roaming\npm\node_modules\mocha\lib\runner.js:374:10)
      at C:\Users\jo\AppData\Roaming\npm\node_modules\mocha\lib\runner.js:452:12
      at next (C:\Users\jo\AppData\Roaming\npm\node_modules\mocha\lib\runner.js:299:14)
      at C:\Users\jo\AppData\Roaming\npm\node_modules\mocha\lib\runner.js:309:7
      at next (C:\Users\jo\AppData\Roaming\npm\node_modules\mocha\lib\runner.js:248:23)
      at Object._onImmediate (C:\Users\jo\AppData\Roaming\npm\node_modules\mocha\lib\runner.js:276:5)
      at processImmediate [as _immediateCallback] (timers.js:354:15)

  9) JSTEST object.js element Object exist: website/jstest/function.js::objectH:
     AssertionError: expected an element of [ Array(49) ] to have a property 'name' of 'website/jstest/function.js::objectH', but got 'website/jstest/variables.js'
      at Context.<anonymous> (D:\MAITRISE\archvis\test\test.js:136:80)
      at callFn (C:\Users\jo\AppData\Roaming\npm\node_modules\mocha\lib\runnable.js:251:21)
      at Test.Runnable.run (C:\Users\jo\AppData\Roaming\npm\node_modules\mocha\lib\runnable.js:244:7)
      at Runner.runTest (C:\Users\jo\AppData\Roaming\npm\node_modules\mocha\lib\runner.js:374:10)
      at C:\Users\jo\AppData\Roaming\npm\node_modules\mocha\lib\runner.js:452:12
      at next (C:\Users\jo\AppData\Roaming\npm\node_modules\mocha\lib\runner.js:299:14)
      at C:\Users\jo\AppData\Roaming\npm\node_modules\mocha\lib\runner.js:309:7
      at next (C:\Users\jo\AppData\Roaming\npm\node_modules\mocha\lib\runner.js:248:23)
      at Object._onImmediate (C:\Users\jo\AppData\Roaming\npm\node_modules\mocha\lib\runner.js:276:5)
      at processImmediate [as _immediateCallback] (timers.js:354:15)

  10) JSTEST object.js element Object exist: website/jstest/function.js::person:
     AssertionError: expected an element of [ Array(49) ] to have a property 'name' of 'website/jstest/function.js::person', but got 'website/jstest/variables.js'
      at Context.<anonymous> (D:\MAITRISE\archvis\test\test.js:136:80)
      at callFn (C:\Users\jo\AppData\Roaming\npm\node_modules\mocha\lib\runnable.js:251:21)
      at Test.Runnable.run (C:\Users\jo\AppData\Roaming\npm\node_modules\mocha\lib\runnable.js:244:7)
      at Runner.runTest (C:\Users\jo\AppData\Roaming\npm\node_modules\mocha\lib\runner.js:374:10)
      at C:\Users\jo\AppData\Roaming\npm\node_modules\mocha\lib\runner.js:452:12
      at next (C:\Users\jo\AppData\Roaming\npm\node_modules\mocha\lib\runner.js:299:14)
      at C:\Users\jo\AppData\Roaming\npm\node_modules\mocha\lib\runner.js:309:7
      at next (C:\Users\jo\AppData\Roaming\npm\node_modules\mocha\lib\runner.js:248:23)
      at Object._onImmediate (C:\Users\jo\AppData\Roaming\npm\node_modules\mocha\lib\runner.js:276:5)
      at processImmediate [as _immediateCallback] (timers.js:354:15)

  11) JSTEST object.js element Object exist: website/jstest/function.js::objectC::methodA():
     AssertionError: expected an element of [ Array(49) ] to have a property 'name' of 'website/jstest/function.js::objectC::methodA()', but got 'website/jstest/variables.js'
      at Context.<anonymous> (D:\MAITRISE\archvis\test\test.js:136:80)
      at callFn (C:\Users\jo\AppData\Roaming\npm\node_modules\mocha\lib\runnable.js:251:21)
      at Test.Runnable.run (C:\Users\jo\AppData\Roaming\npm\node_modules\mocha\lib\runnable.js:244:7)
      at Runner.runTest (C:\Users\jo\AppData\Roaming\npm\node_modules\mocha\lib\runner.js:374:10)
      at C:\Users\jo\AppData\Roaming\npm\node_modules\mocha\lib\runner.js:452:12
      at next (C:\Users\jo\AppData\Roaming\npm\node_modules\mocha\lib\runner.js:299:14)
      at C:\Users\jo\AppData\Roaming\npm\node_modules\mocha\lib\runner.js:309:7
      at next (C:\Users\jo\AppData\Roaming\npm\node_modules\mocha\lib\runner.js:248:23)
      at Object._onImmediate (C:\Users\jo\AppData\Roaming\npm\node_modules\mocha\lib\runner.js:276:5)
      at processImmediate [as _immediateCallback] (timers.js:354:15)

  12) JSTEST object.js element Object exist: website/jstest/function.js::objectB::methodB():
     AssertionError: expected an element of [ Array(49) ] to have a property 'name' of 'website/jstest/function.js::objectB::methodB()', but got 'website/jstest/variables.js'
      at Context.<anonymous> (D:\MAITRISE\archvis\test\test.js:136:80)
      at callFn (C:\Users\jo\AppData\Roaming\npm\node_modules\mocha\lib\runnable.js:251:21)
      at Test.Runnable.run (C:\Users\jo\AppData\Roaming\npm\node_modules\mocha\lib\runnable.js:244:7)
      at Runner.runTest (C:\Users\jo\AppData\Roaming\npm\node_modules\mocha\lib\runner.js:374:10)
      at C:\Users\jo\AppData\Roaming\npm\node_modules\mocha\lib\runner.js:452:12
      at next (C:\Users\jo\AppData\Roaming\npm\node_modules\mocha\lib\runner.js:299:14)
      at C:\Users\jo\AppData\Roaming\npm\node_modules\mocha\lib\runner.js:309:7
      at next (C:\Users\jo\AppData\Roaming\npm\node_modules\mocha\lib\runner.js:248:23)
      at Object._onImmediate (C:\Users\jo\AppData\Roaming\npm\node_modules\mocha\lib\runner.js:276:5)
      at processImmediate [as _immediateCallback] (timers.js:354:15)

  13) JSTEST object.js element Object exist: website/jstest/function.js::objectD::methodC():
     AssertionError: expected an element of [ Array(49) ] to have a property 'name' of 'website/jstest/function.js::objectD::methodC()', but got 'website/jstest/variables.js'
      at Context.<anonymous> (D:\MAITRISE\archvis\test\test.js:136:80)
      at callFn (C:\Users\jo\AppData\Roaming\npm\node_modules\mocha\lib\runnable.js:251:21)
      at Test.Runnable.run (C:\Users\jo\AppData\Roaming\npm\node_modules\mocha\lib\runnable.js:244:7)
      at Runner.runTest (C:\Users\jo\AppData\Roaming\npm\node_modules\mocha\lib\runner.js:374:10)
      at C:\Users\jo\AppData\Roaming\npm\node_modules\mocha\lib\runner.js:452:12
      at next (C:\Users\jo\AppData\Roaming\npm\node_modules\mocha\lib\runner.js:299:14)
      at C:\Users\jo\AppData\Roaming\npm\node_modules\mocha\lib\runner.js:309:7
      at next (C:\Users\jo\AppData\Roaming\npm\node_modules\mocha\lib\runner.js:248:23)
      at Object._onImmediate (C:\Users\jo\AppData\Roaming\npm\node_modules\mocha\lib\runner.js:276:5)
      at processImmediate [as _immediateCallback] (timers.js:354:15)

  14) JSTEST object.js element Object exist: website/jstest/function.js::person::getName():
     AssertionError: expected an element of [ Array(49) ] to have a property 'name' of 'website/jstest/function.js::person::getName()', but got 'website/jstest/variables.js'
      at Context.<anonymous> (D:\MAITRISE\archvis\test\test.js:136:80)
      at callFn (C:\Users\jo\AppData\Roaming\npm\node_modules\mocha\lib\runnable.js:251:21)
      at Test.Runnable.run (C:\Users\jo\AppData\Roaming\npm\node_modules\mocha\lib\runnable.js:244:7)
      at Runner.runTest (C:\Users\jo\AppData\Roaming\npm\node_modules\mocha\lib\runner.js:374:10)
      at C:\Users\jo\AppData\Roaming\npm\node_modules\mocha\lib\runner.js:452:12
      at next (C:\Users\jo\AppData\Roaming\npm\node_modules\mocha\lib\runner.js:299:14)
      at C:\Users\jo\AppData\Roaming\npm\node_modules\mocha\lib\runner.js:309:7
      at next (C:\Users\jo\AppData\Roaming\npm\node_modules\mocha\lib\runner.js:248:23)
      at Object._onImmediate (C:\Users\jo\AppData\Roaming\npm\node_modules\mocha\lib\runner.js:276:5)
      at processImmediate [as _immediateCallback] (timers.js:354:15)

  15) JSTEST class.js element Function exist: website/jstest/class.js::Apple():
     AssertionError: expected an element of [ Array(49) ] to have a property 'name' of 'website/jstest/class.js::Apple()', but got 'website/jstest/variables.js'
      at Context.<anonymous> (D:\MAITRISE\archvis\test\test.js:136:80)
      at callFn (C:\Users\jo\AppData\Roaming\npm\node_modules\mocha\lib\runnable.js:251:21)
      at Test.Runnable.run (C:\Users\jo\AppData\Roaming\npm\node_modules\mocha\lib\runnable.js:244:7)
      at Runner.runTest (C:\Users\jo\AppData\Roaming\npm\node_modules\mocha\lib\runner.js:374:10)
      at C:\Users\jo\AppData\Roaming\npm\node_modules\mocha\lib\runner.js:452:12
      at next (C:\Users\jo\AppData\Roaming\npm\node_modules\mocha\lib\runner.js:299:14)
      at C:\Users\jo\AppData\Roaming\npm\node_modules\mocha\lib\runner.js:309:7
      at next (C:\Users\jo\AppData\Roaming\npm\node_modules\mocha\lib\runner.js:248:23)
      at Object._onImmediate (C:\Users\jo\AppData\Roaming\npm\node_modules\mocha\lib\runner.js:276:5)
      at processImmediate [as _immediateCallback] (timers.js:354:15)

  16) JSTEST class.js element Function exist: website/jstest/class.js::getAppleInfo():
     AssertionError: expected an element of [ Array(49) ] to have a property 'name' of 'website/jstest/class.js::getAppleInfo()', but got 'website/jstest/variables.js'
      at Context.<anonymous> (D:\MAITRISE\archvis\test\test.js:136:80)
      at callFn (C:\Users\jo\AppData\Roaming\npm\node_modules\mocha\lib\runnable.js:251:21)
      at Test.Runnable.run (C:\Users\jo\AppData\Roaming\npm\node_modules\mocha\lib\runnable.js:244:7)
      at Runner.runTest (C:\Users\jo\AppData\Roaming\npm\node_modules\mocha\lib\runner.js:374:10)
      at C:\Users\jo\AppData\Roaming\npm\node_modules\mocha\lib\runner.js:452:12
      at next (C:\Users\jo\AppData\Roaming\npm\node_modules\mocha\lib\runner.js:299:14)
      at C:\Users\jo\AppData\Roaming\npm\node_modules\mocha\lib\runner.js:309:7
      at next (C:\Users\jo\AppData\Roaming\npm\node_modules\mocha\lib\runner.js:248:23)
      at Object._onImmediate (C:\Users\jo\AppData\Roaming\npm\node_modules\mocha\lib\runner.js:276:5)
      at processImmediate [as _immediateCallback] (timers.js:354:15)

  17) JSTEST class.js element Function exist: website/jstest/class.js::Apple2():
     AssertionError: expected an element of [ Array(49) ] to have a property 'name' of 'website/jstest/class.js::Apple2()', but got 'website/jstest/variables.js'
      at Context.<anonymous> (D:\MAITRISE\archvis\test\test.js:136:80)
      at callFn (C:\Users\jo\AppData\Roaming\npm\node_modules\mocha\lib\runnable.js:251:21)
      at Test.Runnable.run (C:\Users\jo\AppData\Roaming\npm\node_modules\mocha\lib\runnable.js:244:7)
      at Runner.runTest (C:\Users\jo\AppData\Roaming\npm\node_modules\mocha\lib\runner.js:374:10)
      at C:\Users\jo\AppData\Roaming\npm\node_modules\mocha\lib\runner.js:452:12
      at next (C:\Users\jo\AppData\Roaming\npm\node_modules\mocha\lib\runner.js:299:14)
      at C:\Users\jo\AppData\Roaming\npm\node_modules\mocha\lib\runner.js:309:7
      at next (C:\Users\jo\AppData\Roaming\npm\node_modules\mocha\lib\runner.js:248:23)
      at Object._onImmediate (C:\Users\jo\AppData\Roaming\npm\node_modules\mocha\lib\runner.js:276:5)
      at processImmediate [as _immediateCallback] (timers.js:354:15)

  18) JSTEST class.js element Function exist: website/jstest/class.js::Apple3():
     AssertionError: expected an element of [ Array(49) ] to have a property 'name' of 'website/jstest/class.js::Apple3()', but got 'website/jstest/variables.js'
      at Context.<anonymous> (D:\MAITRISE\archvis\test\test.js:136:80)
      at callFn (C:\Users\jo\AppData\Roaming\npm\node_modules\mocha\lib\runnable.js:251:21)
      at Test.Runnable.run (C:\Users\jo\AppData\Roaming\npm\node_modules\mocha\lib\runnable.js:244:7)
      at Runner.runTest (C:\Users\jo\AppData\Roaming\npm\node_modules\mocha\lib\runner.js:374:10)
      at C:\Users\jo\AppData\Roaming\npm\node_modules\mocha\lib\runner.js:452:12
      at next (C:\Users\jo\AppData\Roaming\npm\node_modules\mocha\lib\runner.js:299:14)
      at C:\Users\jo\AppData\Roaming\npm\node_modules\mocha\lib\runner.js:309:7
      at next (C:\Users\jo\AppData\Roaming\npm\node_modules\mocha\lib\runner.js:248:23)
      at Object._onImmediate (C:\Users\jo\AppData\Roaming\npm\node_modules\mocha\lib\runner.js:276:5)
      at processImmediate [as _immediateCallback] (timers.js:354:15)

  19) JSTEST class.js element Function exist: website/jstest/class.js::Apple4:
     AssertionError: expected an element of [ Array(49) ] to have a property 'name' of 'website/jstest/class.js::Apple4', but got 'website/jstest/variables.js'
      at Context.<anonymous> (D:\MAITRISE\archvis\test\test.js:136:80)
      at callFn (C:\Users\jo\AppData\Roaming\npm\node_modules\mocha\lib\runnable.js:251:21)
      at Test.Runnable.run (C:\Users\jo\AppData\Roaming\npm\node_modules\mocha\lib\runnable.js:244:7)
      at Runner.runTest (C:\Users\jo\AppData\Roaming\npm\node_modules\mocha\lib\runner.js:374:10)
      at C:\Users\jo\AppData\Roaming\npm\node_modules\mocha\lib\runner.js:452:12
      at next (C:\Users\jo\AppData\Roaming\npm\node_modules\mocha\lib\runner.js:299:14)
      at C:\Users\jo\AppData\Roaming\npm\node_modules\mocha\lib\runner.js:309:7
      at next (C:\Users\jo\AppData\Roaming\npm\node_modules\mocha\lib\runner.js:248:23)
      at Object._onImmediate (C:\Users\jo\AppData\Roaming\npm\node_modules\mocha\lib\runner.js:276:5)
      at processImmediate [as _immediateCallback] (timers.js:354:15)

  20) JSTEST class.js element Function exist: website/jstest/class.js::Apple5():
     AssertionError: expected an element of [ Array(49) ] to have a property 'name' of 'website/jstest/class.js::Apple5()', but got 'website/jstest/variables.js'
      at Context.<anonymous> (D:\MAITRISE\archvis\test\test.js:136:80)
      at callFn (C:\Users\jo\AppData\Roaming\npm\node_modules\mocha\lib\runnable.js:251:21)
      at Test.Runnable.run (C:\Users\jo\AppData\Roaming\npm\node_modules\mocha\lib\runnable.js:244:7)
      at Runner.runTest (C:\Users\jo\AppData\Roaming\npm\node_modules\mocha\lib\runner.js:374:10)
      at C:\Users\jo\AppData\Roaming\npm\node_modules\mocha\lib\runner.js:452:12
      at next (C:\Users\jo\AppData\Roaming\npm\node_modules\mocha\lib\runner.js:299:14)
      at C:\Users\jo\AppData\Roaming\npm\node_modules\mocha\lib\runner.js:309:7
      at next (C:\Users\jo\AppData\Roaming\npm\node_modules\mocha\lib\runner.js:248:23)
      at Object._onImmediate (C:\Users\jo\AppData\Roaming\npm\node_modules\mocha\lib\runner.js:276:5)
      at processImmediate [as _immediateCallback] (timers.js:354:15)



